-------------------------------------------------------------------------------
Test set: com.servtwo.servertwo.ServertwoApplicationTests
-------------------------------------------------------------------------------
Tests run: 1, Failures: 0, Errors: 1, Skipped: 0, Time elapsed: 1.95 s <<< FAILURE! - in com.servtwo.servertwo.ServertwoApplicationTests
com.servtwo.servertwo.ServertwoApplicationTests  Time elapsed: 1.941 s  <<< ERROR!
java.lang.IllegalStateException: Unable to find a @SpringBootConfiguration, you need to use @ContextConfiguration or @SpringBootTest(classes=...) with your test

